# JRE version: Java(TM) SE Runtime Environment (17.0.12+8) (build 17.0.12+8-LTS-286)
# Java VM: Java HotSpot(TM) 64-Bit Server VM (17.0.12+8-LTS-286, mixed mode, sharing, tiered, compressed oops, compressed class ptrs, g1 gc, windows-amd64)
GC Precious Log:
 CPUs: 4 total, 4 available
 Memory: 8059M
 Large Page Support: Disabled
 NUMA Support: Disabled
 Compressed Oops: Enabled (32-bit)
 Heap Region Size: 1M
 Heap Min Capacity: 8M
 Heap Initial Capacity: 126M
 Heap Max Capacity: 2016M
 Pre-touch: Disabled
 Parallel Workers: 4
 Concurrent Workers: 1
 Concurrent Refinement Workers: 4
 Periodic GC: Disabled
Heap:
 garbage-first heap   total 160768K, used 116189K [0x0000000082000000, 0x0000000100000000)
  region size 1024K, 2 young (2048K), 1 survivors (1024K)
 Metaspace       used 8928K, committed 9152K, reserved 1114112K
  class space    used 1034K, committed 1152K, reserved 1048576K
GC Heap History (16 events):
Event: 0.617 GC heap before
{Heap before GC invocations=0 (full 0):
 garbage-first heap   total 129024K, used 48128K [0x0000000082000000, 0x0000000100000000)
  region size 1024K, 13 young (13312K), 0 survivors (0K)
 Metaspace       used 4858K, committed 5056K, reserved 1114112K
  class space    used 526K, committed 640K, reserved 1048576K
}
Event: 0.623 GC heap after
{Heap after GC invocations=1 (full 0):
 garbage-first heap   total 129024K, used 37512K [0x0000000082000000, 0x0000000100000000)
  region size 1024K, 2 young (2048K), 2 survivors (2048K)
 Metaspace       used 4858K, committed 5056K, reserved 1114112K
  class space    used 526K, committed 640K, reserved 1048576K
}
Event: 0.795 GC heap before
{Heap before GC invocations=1 (full 0):
 garbage-first heap   total 129024K, used 55944K [0x0000000082000000, 0x0000000100000000)
  region size 1024K, 20 young (20480K), 2 survivors (2048K)
 Metaspace       used 4859K, committed 5056K, reserved 1114112K
  class space    used 526K, committed 640K, reserved 1048576K
}
Event: 0.798 GC heap after
{Heap after GC invocations=2 (full 0):
 garbage-first heap   total 129024K, used 37483K [0x0000000082000000, 0x0000000100000000)
  region size 1024K, 0 young (0K), 0 survivors (0K)
 Metaspace       used 4859K, committed 5056K, reserved 1114112K
  class space    used 526K, committed 640K, reserved 1048576K
}
Event: 1.327 GC heap before
{Heap before GC invocations=2 (full 0):
 garbage-first heap   total 129024K, used 47723K [0x0000000082000000, 0x0000000100000000)
  region size 1024K, 11 young (11264K), 0 survivors (0K)
 Metaspace       used 4905K, committed 5056K, reserved 1114112K
  class space    used 531K, committed 640K, reserved 1048576K
}
Event: 1.328 GC heap after
{Heap after GC invocations=3 (full 0):
 garbage-first heap   total 129024K, used 37563K [0x0000000082000000, 0x0000000100000000)
  region size 1024K, 1 young (1024K), 1 survivors (1024K)
 Metaspace       used 4905K, committed 5056K, reserved 1114112K
  class space    used 531K, committed 640K, reserved 1048576K
}
Event: 1.541 GC heap before
{Heap before GC invocations=3 (full 0):
 garbage-first heap   total 129024K, used 124603K [0x0000000082000000, 0x0000000100000000)
  region size 1024K, 44 young (45056K), 1 survivors (1024K)
 Metaspace       used 4906K, committed 5056K, reserved 1114112K
  class space    used 531K, committed 640K, reserved 1048576K
}
Event: 1.542 GC heap after
{Heap after GC invocations=4 (full 0):
 garbage-first heap   total 129024K, used 81563K [0x0000000082000000, 0x0000000100000000)
  region size 1024K, 1 young (1024K), 1 survivors (1024K)
 Metaspace       used 4906K, committed 5056K, reserved 1114112K
  class space    used 531K, committed 640K, reserved 1048576K
}
Event: 1.549 GC heap before
{Heap before GC invocations=4 (full 0):
 garbage-first heap   total 129024K, used 81563K [0x0000000082000000, 0x0000000100000000)
  region size 1024K, 2 young (2048K), 1 survivors (1024K)
 Metaspace       used 4906K, committed 5056K, reserved 1114112K
  class space    used 531K, committed 640K, reserved 1048576K
}
Event: 1.550 GC heap after
{Heap after GC invocations=5 (full 0):
 garbage-first heap   total 129024K, used 81572K [0x0000000082000000, 0x0000000100000000)
  region size 1024K, 1 young (1024K), 1 survivors (1024K)
 Metaspace       used 4906K, committed 5056K, reserved 1114112K
  class space    used 531K, committed 640K, reserved 1048576K
}
Event: 8.295 GC heap before
{Heap before GC invocations=6 (full 0):
 garbage-first heap   total 160768K, used 156324K [0x0000000082000000, 0x0000000100000000)
  region size 1024K, 27 young (27648K), 1 survivors (1024K)
 Metaspace       used 8926K, committed 9152K, reserved 1114112K
  class space    used 1034K, committed 1152K, reserved 1048576K
}
Event: 8.297 GC heap after
{Heap after GC invocations=7 (full 0):
 garbage-first heap   total 160768K, used 117393K [0x0000000082000000, 0x0000000100000000)
  region size 1024K, 2 young (2048K), 2 survivors (2048K)
 Metaspace       used 8926K, committed 9152K, reserved 1114112K
  class space    used 1034K, committed 1152K, reserved 1048576K
}
Event: 8.311 GC heap before
{Heap before GC invocations=7 (full 0):
 garbage-first heap   total 160768K, used 121489K [0x0000000082000000, 0x0000000100000000)
  region size 1024K, 7 young (7168K), 2 survivors (2048K)
 Metaspace       used 8928K, committed 9152K, reserved 1114112K
  class space    used 1034K, committed 1152K, reserved 1048576K
}
Event: 8.314 GC heap after
{Heap after GC invocations=8 (full 0):
 garbage-first heap   total 160768K, used 115128K [0x0000000082000000, 0x0000000100000000)
  region size 1024K, 0 young (0K), 0 survivors (0K)
 Metaspace       used 8928K, committed 9152K, reserved 1114112K
  class space    used 1034K, committed 1152K, reserved 1048576K
}
Event: 8.344 GC heap before
{Heap before GC invocations=8 (full 0):
 garbage-first heap   total 160768K, used 117176K [0x0000000082000000, 0x0000000100000000)
  region size 1024K, 3 young (3072K), 0 survivors (0K)
 Metaspace       used 8928K, committed 9152K, reserved 1114112K
  class space    used 1034K, committed 1152K, reserved 1048576K
}
Event: 8.345 GC heap after
{Heap after GC invocations=9 (full 0):
 garbage-first heap   total 160768K, used 115165K [0x0000000082000000, 0x0000000100000000)
  region size 1024K, 1 young (1024K), 1 survivors (1024K)
 Metaspace       used 8928K, committed 9152K, reserved 1114112K
  class space    used 1034K, committed 1152K, reserved 1048576K
}

