# JRE version: Java(TM) SE Runtime Environment (17.0.12+8) (build 17.0.12+8-LTS-286)
# Java VM: Java HotSpot(TM) 64-Bit Server VM (17.0.12+8-LTS-286, mixed mode, sharing, tiered, compressed oops, compressed class ptrs, g1 gc, windows-amd64)
GC Precious Log:
 CPUs: 4 total, 4 available
 Memory: 8059M
 Large Page Support: Disabled
 NUMA Support: Disabled
 Compressed Oops: Enabled (32-bit)
 Heap Region Size: 1M
 Heap Min Capacity: 8M
 Heap Initial Capacity: 126M
 Heap Max Capacity: 2016M
 Pre-touch: Disabled
 Parallel Workers: 4
 Concurrent Workers: 1
 Concurrent Refinement Workers: 4
 Periodic GC: Disabled
Heap:
 garbage-first heap   total 160768K, used 116200K [0x0000000082000000, 0x0000000100000000)
  region size 1024K, 2 young (2048K), 1 survivors (1024K)
 Metaspace       used 8948K, committed 9152K, reserved 1114112K
  class space    used 1034K, committed 1152K, reserved 1048576K
GC Heap History (16 events):
Event: 0.598 GC heap before
{Heap before GC invocations=0 (full 0):
 garbage-first heap   total 129024K, used 48128K [0x0000000082000000, 0x0000000100000000)
  region size 1024K, 13 young (13312K), 0 survivors (0K)
 Metaspace       used 4854K, committed 5056K, reserved 1114112K
  class space    used 526K, committed 640K, reserved 1048576K
}
Event: 0.602 GC heap after
{Heap after GC invocations=1 (full 0):
 garbage-first heap   total 129024K, used 37528K [0x0000000082000000, 0x0000000100000000)
  region size 1024K, 2 young (2048K), 2 survivors (2048K)
 Metaspace       used 4854K, committed 5056K, reserved 1114112K
  class space    used 526K, committed 640K, reserved 1048576K
}
Event: 0.774 GC heap before
{Heap before GC invocations=1 (full 0):
 garbage-first heap   total 129024K, used 55960K [0x0000000082000000, 0x0000000100000000)
  region size 1024K, 20 young (20480K), 2 survivors (2048K)
 Metaspace       used 4856K, committed 5056K, reserved 1114112K
  class space    used 526K, committed 640K, reserved 1048576K
}
Event: 0.777 GC heap after
{Heap after GC invocations=2 (full 0):
 garbage-first heap   total 129024K, used 37485K [0x0000000082000000, 0x0000000100000000)
  region size 1024K, 0 young (0K), 0 survivors (0K)
 Metaspace       used 4856K, committed 5056K, reserved 1114112K
  class space    used 526K, committed 640K, reserved 1048576K
}
Event: 1.281 GC heap before
{Heap before GC invocations=2 (full 0):
 garbage-first heap   total 129024K, used 47725K [0x0000000082000000, 0x0000000100000000)
  region size 1024K, 11 young (11264K), 0 survivors (0K)
 Metaspace       used 4898K, committed 5056K, reserved 1114112K
  class space    used 530K, committed 640K, reserved 1048576K
}
Event: 1.281 GC heap after
{Heap after GC invocations=3 (full 0):
 garbage-first heap   total 129024K, used 37556K [0x0000000082000000, 0x0000000100000000)
  region size 1024K, 1 young (1024K), 1 survivors (1024K)
 Metaspace       used 4898K, committed 5056K, reserved 1114112K
  class space    used 530K, committed 640K, reserved 1048576K
}
Event: 1.502 GC heap before
{Heap before GC invocations=3 (full 0):
 garbage-first heap   total 129024K, used 123572K [0x0000000082000000, 0x0000000100000000)
  region size 1024K, 44 young (45056K), 1 survivors (1024K)
 Metaspace       used 4902K, committed 5056K, reserved 1114112K
  class space    used 531K, committed 640K, reserved 1048576K
}
Event: 1.503 GC heap after
{Heap after GC invocations=4 (full 0):
 garbage-first heap   total 129024K, used 81564K [0x0000000082000000, 0x0000000100000000)
  region size 1024K, 1 young (1024K), 1 survivors (1024K)
 Metaspace       used 4902K, committed 5056K, reserved 1114112K
  class space    used 531K, committed 640K, reserved 1048576K
}
Event: 1.514 GC heap before
{Heap before GC invocations=4 (full 0):
 garbage-first heap   total 129024K, used 82588K [0x0000000082000000, 0x0000000100000000)
  region size 1024K, 3 young (3072K), 1 survivors (1024K)
 Metaspace       used 4903K, committed 5056K, reserved 1114112K
  class space    used 531K, committed 640K, reserved 1048576K
}
Event: 1.514 GC heap after
{Heap after GC invocations=5 (full 0):
 garbage-first heap   total 129024K, used 81574K [0x0000000082000000, 0x0000000100000000)
  region size 1024K, 1 young (1024K), 1 survivors (1024K)
 Metaspace       used 4903K, committed 5056K, reserved 1114112K
  class space    used 531K, committed 640K, reserved 1048576K
}
Event: 9.873 GC heap before
{Heap before GC invocations=6 (full 0):
 garbage-first heap   total 160768K, used 156326K [0x0000000082000000, 0x0000000100000000)
  region size 1024K, 27 young (27648K), 1 survivors (1024K)
 Metaspace       used 8947K, committed 9152K, reserved 1114112K
  class space    used 1034K, committed 1152K, reserved 1048576K
}
Event: 9.875 GC heap after
{Heap after GC invocations=7 (full 0):
 garbage-first heap   total 160768K, used 117398K [0x0000000082000000, 0x0000000100000000)
  region size 1024K, 2 young (2048K), 2 survivors (2048K)
 Metaspace       used 8947K, committed 9152K, reserved 1114112K
  class space    used 1034K, committed 1152K, reserved 1048576K
}
Event: 9.889 GC heap before
{Heap before GC invocations=7 (full 0):
 garbage-first heap   total 160768K, used 121494K [0x0000000082000000, 0x0000000100000000)
  region size 1024K, 7 young (7168K), 2 survivors (2048K)
 Metaspace       used 8948K, committed 9152K, reserved 1114112K
  class space    used 1034K, committed 1152K, reserved 1048576K
}
Event: 9.892 GC heap after
{Heap after GC invocations=8 (full 0):
 garbage-first heap   total 160768K, used 115138K [0x0000000082000000, 0x0000000100000000)
  region size 1024K, 0 young (0K), 0 survivors (0K)
 Metaspace       used 8948K, committed 9152K, reserved 1114112K
  class space    used 1034K, committed 1152K, reserved 1048576K
}
Event: 9.913 GC heap before
{Heap before GC invocations=8 (full 0):
 garbage-first heap   total 160768K, used 117186K [0x0000000082000000, 0x0000000100000000)
  region size 1024K, 3 young (3072K), 0 survivors (0K)
 Metaspace       used 8948K, committed 9152K, reserved 1114112K
  class space    used 1034K, committed 1152K, reserved 1048576K
}
Event: 9.914 GC heap after
{Heap after GC invocations=9 (full 0):
 garbage-first heap   total 160768K, used 115176K [0x0000000082000000, 0x0000000100000000)
  region size 1024K, 1 young (1024K), 1 survivors (1024K)
 Metaspace       used 8948K, committed 9152K, reserved 1114112K
  class space    used 1034K, committed 1152K, reserved 1048576K
}

